{
  "RSpec": {
    "coverage": {
      "/src/config/environment.rb": {
        "lines": [
          1,
          null,
          1,
          1,
          null
        ]
      },
      "/src/spec/models/answer_spec.rb": {
        "lines": [
          1,
          1,
          null,
          1,
          1,
          1,
          1,
          1,
          null,
          null,
          1,
          1,
          1,
          null,
          null,
          null
        ]
      },
      "/src/models/init.rb": {
        "lines": [
          1,
          1,
          1,
          1,
          1
        ]
      },
      "/src/models/user.rb": {
        "lines": [
          1,
          1,
          1,
          null,
          1,
          1,
          1,
          1,
          1,
          1,
          1,
          null,
          null,
          1,
          2744,
          2744,
          null,
          null,
          1,
          null,
          1,
          2744,
          5,
          null,
          null,
          null,
          null,
          null,
          null,
          null
        ]
      },
      "/src/models/question.rb": {
        "lines": [
          1,
          1,
          1,
          null,
          1,
          1,
          null
        ]
      },
      "/src/models/option.rb": {
        "lines": [
          1,
          1,
          null,
          1,
          1,
          null,
          1,
          1,
          0,
          0,
          null,
          null,
          null
        ]
      },
      "/src/models/answer.rb": {
        "lines": [
          1,
          1,
          1,
          null,
          1,
          1,
          null
        ]
      },
      "/src/spec/models/option_spec.rb": {
        "lines": [
          1,
          1,
          null,
          1,
          1,
          1,
          1,
          1,
          null,
          null,
          1,
          1,
          1,
          null,
          null,
          null,
          null
        ]
      },
      "/src/spec/models/question_spec.rb": {
        "lines": [
          1,
          1,
          null,
          1,
          1,
          1,
          1,
          1,
          null,
          null,
          1,
          1,
          1,
          null,
          null,
          null
        ]
      },
      "/src/spec/models/user_spec.rb": {
        "lines": [
          1,
          1,
          null,
          null,
          1,
          1,
          1,
          1,
          1,
          0,
          null,
          null,
          1,
          1,
          1,
          0,
          null,
          null,
          1,
          1,
          1,
          0,
          null,
          null,
          1,
          1,
          1,
          0,
          null,
          null,
          1,
          1,
          1,
          0,
          0,
          null,
          null,
          1,
          1,
          1,
          0,
          null,
          null,
          1,
          1,
          1,
          0,
          null,
          null,
          null,
          null,
          null,
          null,
          null,
          null,
          null,
          null,
          null,
          null
        ]
      }
    },
    "timestamp": 1693421283
  }
}
